Starting process: Module

Starting process: 

SCUBA, Version Diamond (64-bit) 3.12.0.240.2
Fri Jul 22 19:06:45 2022

Copyright (c) 1991-1994 by NeoCAD Inc. All rights reserved.
Copyright (c) 1995 AT&T Corp.   All rights reserved.
Copyright (c) 1995-2001 Lucent Technologies Inc.  All rights reserved.
Copyright (c) 2001 Agere Systems   All rights reserved.
Copyright (c) 2002-2020 Lattice Semiconductor Corporation,  All rights reserved.

BEGIN SCUBA Module Synthesis

    Issued command   : D:\lattice diamond\diamond\3.12\ispfpga\bin\nt64\scuba.exe -w -n clk_pll -lang verilog -synth lse -arch xo2c00 -type pll -fin 12 -fclkop 48 -fclkop_tol 0.0 -trimp 0 -phasep 0 -trimp_r -phase_cntl STATIC -fb_mode 1 
    Circuit name     : clk_pll
    Module type      : pll
    Module Version   : 5.7
    Ports            : 
	Inputs       : CLKI
	Outputs      : CLKOP
    I/O buffer       : not inserted
    EDIF output      : clk_pll.edn
    Verilog output   : clk_pll.v
    Verilog template : clk_pll_tmpl.v
    Verilog purpose  : for synthesis and simulation
    Bus notation     : big endian
    Report output    : clk_pll.srp
    Estimated Resource Usage:

END   SCUBA Module Synthesis

File: clk_pll.lpc created.


End process: completed successfully.


Total Warnings:  0

Total Errors:  0


